DEBUG:root:connecting to database
DEBUG:root:setting up the brewpub table
DEBUG:root:connecting to database
DEBUG:root:setting up the brewpub table
DEBUG:root:connecting to database
DEBUG:root:setting up the brewpub table
DEBUG:root:opening py_log_english_brewery_data.csv
DEBUG:root:connecting to database
DEBUG:root:setting up the brewpub table
DEBUG:root:opening py_log_english_brewery_data.csv
DEBUG:root:connecting to database
DEBUG:root:setting up the brewpub table
DEBUG:root:opening py_log_english_brewery_data.csv
DEBUG:root:connecting to database
DEBUG:root:setting up the brewpub table
DEBUG:root:opening py_log_english_brewery_data.csv
DEBUG:root:connecting to database
DEBUG:root:setting up the brewpub table
DEBUG:root:opening py_log_english_brewery_data.csv
DEBUG:root:connecting to database
DEBUG:root:setting up the brewpub table
DEBUG:root:opening py_log_english_brewery_data.csv
DEBUG:root:making commits to the brewpub table
DEBUG:root:Finding ale houses in brewpub.
DEBUG:root:connecting to database
DEBUG:root:setting up the brewpub table
DEBUG:root:opening py_log_english_brewery_data.csv
DEBUG:root:making commits to the brewpub table
DEBUG:root:Finding ale houses in brewpub.
DEBUG:root:... found 54 ale houses!
DEBUG:root:connecting to database
DEBUG:root:setting up the brewpub table
DEBUG:root:opening py_log_english_brewery_data.csv
DEBUG:root:making commits to the brewpub table
DEBUG:root:Finding ale houses in brewpub.
DEBUG:root:... found 54 ale houses!
DEBUG:root:connecting to database
DEBUG:root:setting up the brewpub table
DEBUG:root:opening py_log_english_brewery_data.csv
DEBUG:root:making commits to the brewpub table
DEBUG:root:Finding ale houses in brewpub.
DEBUG:root:connecting to database
DEBUG:root:setting up the brewpub table
DEBUG:root:opening py_log_english_brewery_data.csv
DEBUG:root:making commits to the brewpub table
DEBUG:root:Finding ale houses in brewpub.
DEBUG:root:... found 54 ale houses!
DEBUG:root:Finding ale houses in brewpub.
DEBUG:root:Finding ale houses in brewpub.
DEBUG:root:Finding ale houses in brewpub.
DEBUG:root:... found 0 ale houses!
DEBUG:root:Finding ale houses in brewpub.
DEBUG:root:... found 0 ale houses!
DEBUG:root:Finding ale houses in brewpub.
DEBUG:root:Finding ale houses in brewpub.
DEBUG:root:... found 0 ale houses!
DEBUG:root:Finding ale houses in brewpub.
DEBUG:root:Finding ale houses in brewpub.
DEBUG:root:... found 3 ale houses!
DEBUG:root:Finding ale houses in brewpub.
DEBUG:root:... found 3 ale houses!
DEBUG:root:Finding ale houses in brewpub.
DEBUG:root:... found 3 ale houses!
DEBUG:root:Finding ale houses in brewpub.
DEBUG:root:... found 3 ale houses!
